c:\users\dell\desktop\netflix - copy\netflix\x64\debug\vc140.pdb
c:\users\dell\desktop\netflix - copy\netflix\x64\debug\vc140.idb
c:\users\dell\desktop\netflix - copy\netflix\x64\debug\actor.obj
c:\users\dell\desktop\netflix - copy\netflix\x64\debug\creditcard.obj
c:\users\dell\desktop\netflix - copy\netflix\x64\debug\date.obj
c:\users\dell\desktop\netflix - copy\netflix\x64\debug\filmseries.obj
c:\users\dell\desktop\netflix - copy\netflix\x64\debug\main.obj
c:\users\dell\desktop\netflix - copy\netflix\x64\debug\media.obj
c:\users\dell\desktop\netflix - copy\netflix\x64\debug\movie.obj
c:\users\dell\desktop\netflix - copy\netflix\x64\debug\pesron.obj
c:\users\dell\desktop\netflix - copy\netflix\x64\debug\serie.obj
c:\users\dell\desktop\netflix - copy\netflix\x64\debug\streaming.obj
c:\users\dell\desktop\netflix - copy\netflix\x64\debug\user.obj
c:\users\dell\desktop\netflix - copy\x64\debug\netflix.ilk
c:\users\dell\desktop\netflix - copy\x64\debug\netflix.exe
c:\users\dell\desktop\netflix - copy\x64\debug\netflix.pdb
c:\users\dell\desktop\netflix - copy\netflix\x64\debug\netflix.tlog\cl.command.1.tlog
c:\users\dell\desktop\netflix - copy\netflix\x64\debug\netflix.tlog\cl.read.1.tlog
c:\users\dell\desktop\netflix - copy\netflix\x64\debug\netflix.tlog\cl.write.1.tlog
c:\users\dell\desktop\netflix - copy\netflix\x64\debug\netflix.tlog\link.command.1.tlog
c:\users\dell\desktop\netflix - copy\netflix\x64\debug\netflix.tlog\link.read.1.tlog
c:\users\dell\desktop\netflix - copy\netflix\x64\debug\netflix.tlog\link.write.1.tlog
